[I 2026-05-08 21:22:37,669] A new study created in memory with name: no-name-112856a0-2413-4fcb-bc65-5f96c851db67
[I 2026-05-08 21:22:37,706] Trial 0 finished with value: 6.40165343120691 and parameters: {'short_symbol': 'ETHUSDT', 'threshold': 0.015, 'hold_bars': 120, 'long_scale': 6.2, 'short_scale': 10.0, 'take_profit_pct': 0.018}. Best is trial 0 with value: 6.40165343120691.
[I 2026-05-08 21:22:37,738] Trial 1 finished with value: 18.283502983337 and parameters: {'short_symbol': '', 'threshold': 0.012, 'hold_bars': 120, 'long_scale': 5.4, 'short_scale': 12.0, 'take_profit_pct': 0.045}. Best is trial 1 with value: 18.283502983337.
[I 2026-05-08 21:22:37,768] Trial 2 finished with value: 2.977747455838493 and parameters: {'short_symbol': '', 'threshold': 0.01, 'hold_bars': 168, 'long_scale': 5.6, 'short_scale': 8.0, 'take_profit_pct': 0.018}. Best is trial 1 with value: 18.283502983337.
[I 2026-05-08 21:22:37,797] Trial 3 finished with value: 6.627399624220965 and parameters: {'short_symbol': 'ETHUSDT', 'threshold': 0.01, 'hold_bars': 96, 'long_scale': 5.3, 'short_scale': 12.0, 'take_profit_pct': 0.018}. Best is trial 1 with value: 18.283502983337.
[I 2026-05-08 21:22:37,823] Trial 4 finished with value: -39.196741123248586 and parameters: {'short_symbol': '', 'threshold': 0.018, 'hold_bars': 144, 'long_scale': 5.2, 'short_scale': 8.0, 'take_profit_pct': 0.045}. Best is trial 1 with value: 18.283502983337.
[I 2026-05-08 21:22:37,848] Trial 5 finished with value: 2.961292247377432 and parameters: {'short_symbol': '', 'threshold': 0.015, 'hold_bars': 96, 'long_scale': 5.8, 'short_scale': 10.0, 'take_profit_pct': 0.018}. Best is trial 1 with value: 18.283502983337.
[I 2026-05-08 21:22:37,874] Trial 6 finished with value: -76.42113752529664 and parameters: {'short_symbol': 'ETHUSDT', 'threshold': 0.012, 'hold_bars': 144, 'long_scale': 5.8, 'short_scale': 12.0, 'take_profit_pct': 0.018}. Best is trial 1 with value: 18.283502983337.
[I 2026-05-08 21:22:37,902] Trial 7 finished with value: 5.743172422453037 and parameters: {'short_symbol': 'ETHUSDT', 'threshold': 0.01, 'hold_bars': 168, 'long_scale': 5.0, 'short_scale': 10.0, 'take_profit_pct': 0.03}. Best is trial 1 with value: 18.283502983337.
[I 2026-05-08 21:22:37,928] Trial 8 finished with value: 13.226042421006799 and parameters: {'short_symbol': '', 'threshold': 0.015, 'hold_bars': 96, 'long_scale': 6.0, 'short_scale': 10.0, 'take_profit_pct': 0.06}. Best is trial 1 with value: 18.283502983337.
[I 2026-05-08 21:22:37,961] Trial 9 finished with value: 13.548694879800943 and parameters: {'short_symbol': '', 'threshold': 0.02, 'hold_bars': 96, 'long_scale': 5.8, 'short_scale': 12.0, 'take_profit_pct': 0.06}. Best is trial 1 with value: 18.283502983337.
[I 2026-05-08 21:22:37,990] Trial 10 finished with value: 9.225116282046539 and parameters: {'short_symbol': 'ETHUSDT', 'threshold': 0.018, 'hold_bars': 120, 'long_scale': 5.8, 'short_scale': 8.0, 'take_profit_pct': 0.035}. Best is trial 1 with value: 18.283502983337.
[I 2026-05-08 21:22:38,018] Trial 11 finished with value: 11.412860080259572 and parameters: {'short_symbol': '', 'threshold': 0.012, 'hold_bars': 120, 'long_scale': 5.1, 'short_scale': 12.0, 'take_profit_pct': 0.024}. Best is trial 1 with value: 18.283502983337.
[I 2026-05-08 21:22:38,058] Trial 12 finished with value: 18.580553146715772 and parameters: {'short_symbol': '', 'threshold': 0.02, 'hold_bars': 120, 'long_scale': 5.5, 'short_scale': 12.0, 'take_profit_pct': 0.06}. Best is trial 12 with value: 18.580553146715772.
[I 2026-05-08 21:22:38,090] Trial 13 finished with value: 15.670070952312908 and parameters: {'short_symbol': '', 'threshold': 0.02, 'hold_bars': 120, 'long_scale': 5.5, 'short_scale': 12.0, 'take_profit_pct': 0.045}. Best is trial 12 with value: 18.580553146715772.
[I 2026-05-08 21:22:38,126] Trial 14 finished with value: 15.670070952312908 and parameters: {'short_symbol': '', 'threshold': 0.02, 'hold_bars': 120, 'long_scale': 5.5, 'short_scale': 12.0, 'take_profit_pct': 0.045}. Best is trial 12 with value: 18.580553146715772.
[I 2026-05-08 21:22:38,169] Trial 15 finished with value: 11.267768907495178 and parameters: {'short_symbol': '', 'threshold': 0.012, 'hold_bars': 120, 'long_scale': 5.4, 'short_scale': 12.0, 'take_profit_pct': 0.06}. Best is trial 12 with value: 18.580553146715772.
[I 2026-05-08 21:22:38,202] Trial 16 finished with value: 11.419660224021579 and parameters: {'short_symbol': '', 'threshold': 0.012, 'hold_bars': 120, 'long_scale': 5.3, 'short_scale': 12.0, 'take_profit_pct': 0.024}. Best is trial 12 with value: 18.580553146715772.
[I 2026-05-08 21:22:38,238] Trial 17 finished with value: 6.6738299963891805 and parameters: {'short_symbol': '', 'threshold': 0.02, 'hold_bars': 120, 'long_scale': 6.3, 'short_scale': 12.0, 'take_profit_pct': 0.035}. Best is trial 12 with value: 18.580553146715772.
[I 2026-05-08 21:22:38,275] Trial 18 finished with value: 9.111877689473243 and parameters: {'short_symbol': '', 'threshold': 0.012, 'hold_bars': 144, 'long_scale': 6.0, 'short_scale': 12.0, 'take_profit_pct': 0.03}. Best is trial 12 with value: 18.580553146715772.
[I 2026-05-08 21:22:38,308] Trial 19 finished with value: 10.147385792036552 and parameters: {'short_symbol': '', 'threshold': 0.02, 'hold_bars': 168, 'long_scale': 5.6, 'short_scale': 8.0, 'take_profit_pct': 0.045}. Best is trial 12 with value: 18.580553146715772.
[I 2026-05-08 21:22:38,343] Trial 20 finished with value: -36.41117927414325 and parameters: {'short_symbol': '', 'threshold': 0.018, 'hold_bars': 120, 'long_scale': 5.2, 'short_scale': 12.0, 'take_profit_pct': 0.06}. Best is trial 12 with value: 18.580553146715772.
[I 2026-05-08 21:22:38,379] Trial 21 finished with value: 15.670070952312908 and parameters: {'short_symbol': '', 'threshold': 0.02, 'hold_bars': 120, 'long_scale': 5.5, 'short_scale': 12.0, 'take_profit_pct': 0.045}. Best is trial 12 with value: 18.580553146715772.
[I 2026-05-08 21:22:38,413] Trial 22 finished with value: 15.675572384926998 and parameters: {'short_symbol': '', 'threshold': 0.02, 'hold_bars': 120, 'long_scale': 5.4, 'short_scale': 12.0, 'take_profit_pct': 0.045}. Best is trial 12 with value: 18.580553146715772.
[I 2026-05-08 21:22:38,451] Trial 23 finished with value: 15.675572384926998 and parameters: {'short_symbol': '', 'threshold': 0.02, 'hold_bars': 120, 'long_scale': 5.4, 'short_scale': 12.0, 'take_profit_pct': 0.045}. Best is trial 12 with value: 18.580553146715772.
[I 2026-05-08 21:22:38,483] Trial 24 finished with value: 15.664559998086272 and parameters: {'short_symbol': '', 'threshold': 0.02, 'hold_bars': 120, 'long_scale': 5.6, 'short_scale': 12.0, 'take_profit_pct': 0.045}. Best is trial 12 with value: 18.580553146715772.
[I 2026-05-08 21:22:38,520] Trial 25 finished with value: 11.264572450037278 and parameters: {'short_symbol': '', 'threshold': 0.012, 'hold_bars': 120, 'long_scale': 5.3, 'short_scale': 12.0, 'take_profit_pct': 0.06}. Best is trial 12 with value: 18.580553146715772.
[I 2026-05-08 21:22:38,552] Trial 26 finished with value: 16.842171634146275 and parameters: {'short_symbol': 'ETHUSDT', 'threshold': 0.02, 'hold_bars': 120, 'long_scale': 5.0, 'short_scale': 12.0, 'take_profit_pct': 0.045}. Best is trial 12 with value: 18.580553146715772.
[I 2026-05-08 21:22:38,616] Trial 27 finished with value: 8.971298092878815 and parameters: {'short_symbol': 'ETHUSDT', 'threshold': 0.02, 'hold_bars': 168, 'long_scale': 5.1, 'short_scale': 12.0, 'take_profit_pct': 0.03}. Best is trial 12 with value: 18.580553146715772.
[I 2026-05-08 21:22:38,656] Trial 28 finished with value: 10.358020680434496 and parameters: {'short_symbol': 'ETHUSDT', 'threshold': 0.012, 'hold_bars': 144, 'long_scale': 5.1, 'short_scale': 8.0, 'take_profit_pct': 0.024}. Best is trial 12 with value: 18.580553146715772.
[I 2026-05-08 21:22:38,696] Trial 29 finished with value: 22.321519239524996 and parameters: {'short_symbol': 'ETHUSDT', 'threshold': 0.015, 'hold_bars': 120, 'long_scale': 5.0, 'short_scale': 10.0, 'take_profit_pct': 0.06}. Best is trial 29 with value: 22.321519239524996.
[I 2026-05-08 21:22:38,738] Trial 30 finished with value: 22.310236617797244 and parameters: {'short_symbol': 'ETHUSDT', 'threshold': 0.015, 'hold_bars': 120, 'long_scale': 6.0, 'short_scale': 10.0, 'take_profit_pct': 0.06}. Best is trial 29 with value: 22.321519239524996.
[I 2026-05-08 21:22:38,779] Trial 31 finished with value: 22.309000966621625 and parameters: {'short_symbol': 'ETHUSDT', 'threshold': 0.015, 'hold_bars': 120, 'long_scale': 6.1, 'short_scale': 10.0, 'take_profit_pct': 0.06}. Best is trial 29 with value: 22.321519239524996.
[I 2026-05-08 21:22:38,809] Trial 32 finished with value: 22.309000966621625 and parameters: {'short_symbol': 'ETHUSDT', 'threshold': 0.015, 'hold_bars': 120, 'long_scale': 6.1, 'short_scale': 10.0, 'take_profit_pct': 0.06}. Best is trial 29 with value: 22.321519239524996.
[I 2026-05-08 21:22:38,844] Trial 33 finished with value: 22.309000966621625 and parameters: {'short_symbol': 'ETHUSDT', 'threshold': 0.015, 'hold_bars': 120, 'long_scale': 6.1, 'short_scale': 10.0, 'take_profit_pct': 0.06}. Best is trial 29 with value: 22.321519239524996.
[I 2026-05-08 21:22:38,879] Trial 34 finished with value: 22.305191835536277 and parameters: {'short_symbol': 'ETHUSDT', 'threshold': 0.015, 'hold_bars': 120, 'long_scale': 6.4, 'short_scale': 10.0, 'take_profit_pct': 0.06}. Best is trial 29 with value: 22.321519239524996.
[I 2026-05-08 21:22:38,916] Trial 35 finished with value: 22.307747814780598 and parameters: {'short_symbol': 'ETHUSDT', 'threshold': 0.015, 'hold_bars': 120, 'long_scale': 6.2, 'short_scale': 10.0, 'take_profit_pct': 0.06}. Best is trial 29 with value: 22.321519239524996.
[I 2026-05-08 21:22:38,950] Trial 36 finished with value: 17.548758220745487 and parameters: {'short_symbol': 'ETHUSDT', 'threshold': 0.015, 'hold_bars': 168, 'long_scale': 6.0, 'short_scale': 10.0, 'take_profit_pct': 0.06}. Best is trial 29 with value: 22.321519239524996.
[I 2026-05-08 21:22:38,990] Trial 37 finished with value: 10.508930480877606 and parameters: {'short_symbol': 'ETHUSDT', 'threshold': 0.015, 'hold_bars': 96, 'long_scale': 6.1, 'short_scale': 10.0, 'take_profit_pct': 0.06}. Best is trial 29 with value: 22.321519239524996.
[I 2026-05-08 21:22:39,025] Trial 38 finished with value: 11.782653120306014 and parameters: {'short_symbol': 'ETHUSDT', 'threshold': 0.015, 'hold_bars': 144, 'long_scale': 5.9, 'short_scale': 10.0, 'take_profit_pct': 0.06}. Best is trial 29 with value: 22.321519239524996.
[I 2026-05-08 21:22:39,060] Trial 39 finished with value: 6.40165343120691 and parameters: {'short_symbol': 'ETHUSDT', 'threshold': 0.015, 'hold_bars': 120, 'long_scale': 6.2, 'short_scale': 10.0, 'take_profit_pct': 0.018}. Best is trial 29 with value: 22.321519239524996.
[I 2026-05-08 21:22:39,098] Trial 40 finished with value: 10.491132935493527 and parameters: {'short_symbol': 'ETHUSDT', 'threshold': 0.015, 'hold_bars': 96, 'long_scale': 5.9, 'short_scale': 10.0, 'take_profit_pct': 0.06}. Best is trial 29 with value: 22.321519239524996.
[I 2026-05-08 21:22:39,135] Trial 41 finished with value: 22.309000966621625 and parameters: {'short_symbol': 'ETHUSDT', 'threshold': 0.015, 'hold_bars': 120, 'long_scale': 6.1, 'short_scale': 10.0, 'take_profit_pct': 0.06}. Best is trial 29 with value: 22.321519239524996.
[I 2026-05-08 21:22:39,177] Trial 42 finished with value: 22.306477858160974 and parameters: {'short_symbol': 'ETHUSDT', 'threshold': 0.015, 'hold_bars': 120, 'long_scale': 6.3, 'short_scale': 10.0, 'take_profit_pct': 0.06}. Best is trial 29 with value: 22.321519239524996.
[I 2026-05-08 21:22:39,216] Trial 43 finished with value: 17.57840765146191 and parameters: {'short_symbol': 'ETHUSDT', 'threshold': 0.01, 'hold_bars': 120, 'long_scale': 6.1, 'short_scale': 10.0, 'take_profit_pct': 0.06}. Best is trial 29 with value: 22.321519239524996.
[I 2026-05-08 21:22:39,254] Trial 44 finished with value: 10.80435972770928 and parameters: {'short_symbol': 'ETHUSDT', 'threshold': 0.015, 'hold_bars': 120, 'long_scale': 6.2, 'short_scale': 10.0, 'take_profit_pct': 0.035}. Best is trial 29 with value: 22.321519239524996.
[I 2026-05-08 21:22:39,291] Trial 45 finished with value: 22.311454737225247 and parameters: {'short_symbol': 'ETHUSDT', 'threshold': 0.015, 'hold_bars': 120, 'long_scale': 5.9, 'short_scale': 10.0, 'take_profit_pct': 0.06}. Best is trial 29 with value: 22.321519239524996.
[I 2026-05-08 21:22:39,323] Trial 46 finished with value: 22.311454737225247 and parameters: {'short_symbol': 'ETHUSDT', 'threshold': 0.015, 'hold_bars': 120, 'long_scale': 5.9, 'short_scale': 10.0, 'take_profit_pct': 0.06}. Best is trial 29 with value: 22.321519239524996.
[I 2026-05-08 21:22:39,356] Trial 47 finished with value: 2.325916949391713 and parameters: {'short_symbol': 'ETHUSDT', 'threshold': 0.015, 'hold_bars': 168, 'long_scale': 5.9, 'short_scale': 10.0, 'take_profit_pct': 0.018}. Best is trial 29 with value: 22.321519239524996.
[I 2026-05-08 21:22:39,394] Trial 48 finished with value: 16.97005652086415 and parameters: {'short_symbol': 'ETHUSDT', 'threshold': 0.01, 'hold_bars': 96, 'long_scale': 5.7, 'short_scale': 10.0, 'take_profit_pct': 0.06}. Best is trial 29 with value: 22.321519239524996.
[I 2026-05-08 21:22:39,426] Trial 49 finished with value: 12.306891739335033 and parameters: {'short_symbol': 'ETHUSDT', 'threshold': 0.018, 'hold_bars': 144, 'long_scale': 5.7, 'short_scale': 10.0, 'take_profit_pct': 0.06}. Best is trial 29 with value: 22.321519239524996.
[I 2026-05-08 21:22:39,522] Trial 50 finished with value: 5.229177370535109 and parameters: {'short_symbol': 'ETHUSDT', 'threshold': 0.015, 'hold_bars': 120, 'long_scale': 5.8, 'short_scale': 10.0, 'take_profit_pct': 0.03}. Best is trial 29 with value: 22.321519239524996.
[I 2026-05-08 21:22:39,556] Trial 51 finished with value: 22.310236617797244 and parameters: {'short_symbol': 'ETHUSDT', 'threshold': 0.015, 'hold_bars': 120, 'long_scale': 6.0, 'short_scale': 10.0, 'take_profit_pct': 0.06}. Best is trial 29 with value: 22.321519239524996.
[I 2026-05-08 21:22:39,584] Trial 52 finished with value: 22.310236617797244 and parameters: {'short_symbol': 'ETHUSDT', 'threshold': 0.015, 'hold_bars': 120, 'long_scale': 6.0, 'short_scale': 10.0, 'take_profit_pct': 0.06}. Best is trial 29 with value: 22.321519239524996.
[I 2026-05-08 21:22:39,620] Trial 53 finished with value: 22.310236617797244 and parameters: {'short_symbol': 'ETHUSDT', 'threshold': 0.015, 'hold_bars': 120, 'long_scale': 6.0, 'short_scale': 10.0, 'take_profit_pct': 0.06}. Best is trial 29 with value: 22.321519239524996.
[I 2026-05-08 21:22:39,656] Trial 54 finished with value: 10.695959088135478 and parameters: {'short_symbol': 'ETHUSDT', 'threshold': 0.015, 'hold_bars': 120, 'long_scale': 5.9, 'short_scale': 8.0, 'take_profit_pct': 0.035}. Best is trial 29 with value: 22.321519239524996.
[I 2026-05-08 21:22:39,686] Trial 55 finished with value: 11.845919850400861 and parameters: {'short_symbol': 'ETHUSDT', 'threshold': 0.015, 'hold_bars': 120, 'long_scale': 5.8, 'short_scale': 10.0, 'take_profit_pct': 0.024}. Best is trial 29 with value: 22.321519239524996.
[I 2026-05-08 21:22:39,720] Trial 56 finished with value: 22.310236617797244 and parameters: {'short_symbol': 'ETHUSDT', 'threshold': 0.015, 'hold_bars': 120, 'long_scale': 6.0, 'short_scale': 10.0, 'take_profit_pct': 0.06}. Best is trial 29 with value: 22.321519239524996.
[I 2026-05-08 21:22:39,755] Trial 57 finished with value: 23.374950624454016 and parameters: {'short_symbol': 'ETHUSDT', 'threshold': 0.018, 'hold_bars': 120, 'long_scale': 5.9, 'short_scale': 10.0, 'take_profit_pct': 0.06}. Best is trial 57 with value: 23.374950624454016.
[I 2026-05-08 21:22:39,793] Trial 58 finished with value: 23.373298225814302 and parameters: {'short_symbol': 'ETHUSDT', 'threshold': 0.018, 'hold_bars': 120, 'long_scale': 5.7, 'short_scale': 10.0, 'take_profit_pct': 0.06}. Best is trial 57 with value: 23.374950624454016.
[I 2026-05-08 21:22:39,826] Trial 59 finished with value: 7.603401463802588 and parameters: {'short_symbol': 'ETHUSDT', 'threshold': 0.018, 'hold_bars': 120, 'long_scale': 5.7, 'short_scale': 8.0, 'take_profit_pct': 0.018}. Best is trial 57 with value: 23.374950624454016.
[I 2026-05-08 21:22:39,858] Trial 60 finished with value: 10.41043781925314 and parameters: {'short_symbol': 'ETHUSDT', 'threshold': 0.018, 'hold_bars': 96, 'long_scale': 5.9, 'short_scale': 10.0, 'take_profit_pct': 0.06}. Best is trial 57 with value: 23.374950624454016.
[I 2026-05-08 21:22:39,897] Trial 61 finished with value: 23.374136442134812 and parameters: {'short_symbol': 'ETHUSDT', 'threshold': 0.018, 'hold_bars': 120, 'long_scale': 5.8, 'short_scale': 10.0, 'take_profit_pct': 0.06}. Best is trial 57 with value: 23.374950624454016.
[I 2026-05-08 21:22:39,927] Trial 62 finished with value: 23.374136442134812 and parameters: {'short_symbol': 'ETHUSDT', 'threshold': 0.018, 'hold_bars': 120, 'long_scale': 5.8, 'short_scale': 10.0, 'take_profit_pct': 0.06}. Best is trial 57 with value: 23.374950624454016.
[I 2026-05-08 21:22:39,957] Trial 63 finished with value: 23.372434845179136 and parameters: {'short_symbol': 'ETHUSDT', 'threshold': 0.018, 'hold_bars': 120, 'long_scale': 5.6, 'short_scale': 10.0, 'take_profit_pct': 0.06}. Best is trial 57 with value: 23.374950624454016.
[I 2026-05-08 21:22:39,990] Trial 64 finished with value: 23.372434845179136 and parameters: {'short_symbol': 'ETHUSDT', 'threshold': 0.018, 'hold_bars': 120, 'long_scale': 5.6, 'short_scale': 10.0, 'take_profit_pct': 0.06}. Best is trial 57 with value: 23.374950624454016.
[I 2026-05-08 21:22:40,027] Trial 65 finished with value: 5.710462639663729 and parameters: {'short_symbol': 'ETHUSDT', 'threshold': 0.018, 'hold_bars': 120, 'long_scale': 5.6, 'short_scale': 10.0, 'take_profit_pct': 0.03}. Best is trial 57 with value: 23.374950624454016.
[I 2026-05-08 21:22:40,060] Trial 66 finished with value: 6.433158818867074 and parameters: {'short_symbol': 'ETHUSDT', 'threshold': 0.018, 'hold_bars': 168, 'long_scale': 5.6, 'short_scale': 10.0, 'take_profit_pct': 0.024}. Best is trial 57 with value: 23.374950624454016.
[I 2026-05-08 21:22:40,100] Trial 67 finished with value: 23.374136442134812 and parameters: {'short_symbol': 'ETHUSDT', 'threshold': 0.018, 'hold_bars': 120, 'long_scale': 5.8, 'short_scale': 10.0, 'take_profit_pct': 0.06}. Best is trial 57 with value: 23.374950624454016.
[I 2026-05-08 21:22:40,137] Trial 68 finished with value: 20.941409965538487 and parameters: {'short_symbol': 'ETHUSDT', 'threshold': 0.018, 'hold_bars': 144, 'long_scale': 5.8, 'short_scale': 8.0, 'take_profit_pct': 0.035}. Best is trial 57 with value: 23.374950624454016.
[I 2026-05-08 21:22:40,175] Trial 69 finished with value: 23.373298225814302 and parameters: {'short_symbol': 'ETHUSDT', 'threshold': 0.018, 'hold_bars': 120, 'long_scale': 5.7, 'short_scale': 10.0, 'take_profit_pct': 0.06}. Best is trial 57 with value: 23.374950624454016.
[I 2026-05-08 21:22:40,211] Trial 70 finished with value: 23.373298225814302 and parameters: {'short_symbol': 'ETHUSDT', 'threshold': 0.018, 'hold_bars': 120, 'long_scale': 5.7, 'short_scale': 10.0, 'take_profit_pct': 0.06}. Best is trial 57 with value: 23.374950624454016.
[I 2026-05-08 21:22:40,243] Trial 71 finished with value: 23.373298225814302 and parameters: {'short_symbol': 'ETHUSDT', 'threshold': 0.018, 'hold_bars': 120, 'long_scale': 5.7, 'short_scale': 10.0, 'take_profit_pct': 0.06}. Best is trial 57 with value: 23.374950624454016.
[I 2026-05-08 21:22:40,275] Trial 72 finished with value: 23.373298225814302 and parameters: {'short_symbol': 'ETHUSDT', 'threshold': 0.018, 'hold_bars': 120, 'long_scale': 5.7, 'short_scale': 10.0, 'take_profit_pct': 0.06}. Best is trial 57 with value: 23.374950624454016.
[I 2026-05-08 21:22:40,312] Trial 73 finished with value: 23.373298225814302 and parameters: {'short_symbol': 'ETHUSDT', 'threshold': 0.018, 'hold_bars': 120, 'long_scale': 5.7, 'short_scale': 10.0, 'take_profit_pct': 0.06}. Best is trial 57 with value: 23.374950624454016.
[I 2026-05-08 21:22:40,349] Trial 74 finished with value: 23.374136442134812 and parameters: {'short_symbol': 'ETHUSDT', 'threshold': 0.018, 'hold_bars': 120, 'long_scale': 5.8, 'short_scale': 10.0, 'take_profit_pct': 0.06}. Best is trial 57 with value: 23.374950624454016.
[I 2026-05-08 21:22:40,386] Trial 75 finished with value: 23.374136442134812 and parameters: {'short_symbol': 'ETHUSDT', 'threshold': 0.018, 'hold_bars': 120, 'long_scale': 5.8, 'short_scale': 10.0, 'take_profit_pct': 0.06}. Best is trial 57 with value: 23.374950624454016.
[I 2026-05-08 21:22:40,426] Trial 76 finished with value: 23.374136442134812 and parameters: {'short_symbol': 'ETHUSDT', 'threshold': 0.018, 'hold_bars': 120, 'long_scale': 5.8, 'short_scale': 10.0, 'take_profit_pct': 0.06}. Best is trial 57 with value: 23.374950624454016.
[I 2026-05-08 21:22:40,461] Trial 77 finished with value: 23.374136442134812 and parameters: {'short_symbol': 'ETHUSDT', 'threshold': 0.018, 'hold_bars': 120, 'long_scale': 5.8, 'short_scale': 10.0, 'take_profit_pct': 0.06}. Best is trial 57 with value: 23.374950624454016.
[I 2026-05-08 21:22:40,494] Trial 78 finished with value: 23.374136442134812 and parameters: {'short_symbol': 'ETHUSDT', 'threshold': 0.018, 'hold_bars': 120, 'long_scale': 5.8, 'short_scale': 10.0, 'take_profit_pct': 0.06}. Best is trial 57 with value: 23.374950624454016.
[I 2026-05-08 21:22:40,527] Trial 79 finished with value: 5.731197949188469 and parameters: {'short_symbol': 'ETHUSDT', 'threshold': 0.018, 'hold_bars': 120, 'long_scale': 5.8, 'short_scale': 10.0, 'take_profit_pct': 0.03}. Best is trial 57 with value: 23.374950624454016.
