[I 2026-05-08 21:22:40,559] Trial 80 finished with value: 20.69640835317386 and parameters: {'short_symbol': 'ETHUSDT', 'threshold': 0.018, 'hold_bars': 168, 'long_scale': 5.8, 'short_scale': 8.0, 'take_profit_pct': 0.06}. Best is trial 57 with value: 23.374950624454016.
[I 2026-05-08 21:22:40,594] Trial 81 finished with value: 23.374136442134812 and parameters: {'short_symbol': 'ETHUSDT', 'threshold': 0.018, 'hold_bars': 120, 'long_scale': 5.8, 'short_scale': 10.0, 'take_profit_pct': 0.06}. Best is trial 57 with value: 23.374950624454016.
[I 2026-05-08 21:22:40,630] Trial 82 finished with value: 23.374136442134812 and parameters: {'short_symbol': 'ETHUSDT', 'threshold': 0.018, 'hold_bars': 120, 'long_scale': 5.8, 'short_scale': 10.0, 'take_profit_pct': 0.06}. Best is trial 57 with value: 23.374950624454016.
[I 2026-05-08 21:22:40,666] Trial 83 finished with value: 23.374950624454016 and parameters: {'short_symbol': 'ETHUSDT', 'threshold': 0.018, 'hold_bars': 120, 'long_scale': 5.9, 'short_scale': 10.0, 'take_profit_pct': 0.06}. Best is trial 57 with value: 23.374950624454016.
[I 2026-05-08 21:22:40,699] Trial 84 finished with value: 23.374950624454016 and parameters: {'short_symbol': 'ETHUSDT', 'threshold': 0.018, 'hold_bars': 120, 'long_scale': 5.9, 'short_scale': 10.0, 'take_profit_pct': 0.06}. Best is trial 57 with value: 23.374950624454016.
[I 2026-05-08 21:22:40,733] Trial 85 finished with value: 7.527503178612968 and parameters: {'short_symbol': 'ETHUSDT', 'threshold': 0.018, 'hold_bars': 120, 'long_scale': 5.9, 'short_scale': 10.0, 'take_profit_pct': 0.018}. Best is trial 57 with value: 23.374950624454016.
[I 2026-05-08 21:22:40,765] Trial 86 finished with value: 12.301139833791375 and parameters: {'short_symbol': 'ETHUSDT', 'threshold': 0.018, 'hold_bars': 144, 'long_scale': 5.9, 'short_scale': 10.0, 'take_profit_pct': 0.06}. Best is trial 57 with value: 23.374950624454016.
[I 2026-05-08 21:22:40,799] Trial 87 finished with value: 23.374950624454016 and parameters: {'short_symbol': 'ETHUSDT', 'threshold': 0.018, 'hold_bars': 120, 'long_scale': 5.9, 'short_scale': 10.0, 'take_profit_pct': 0.06}. Best is trial 57 with value: 23.374950624454016.
[I 2026-05-08 21:22:40,829] Trial 88 finished with value: 2.909699988206922 and parameters: {'short_symbol': 'ETHUSDT', 'threshold': 0.01, 'hold_bars': 96, 'long_scale': 5.9, 'short_scale': 10.0, 'take_profit_pct': 0.024}. Best is trial 57 with value: 23.374950624454016.
[I 2026-05-08 21:22:40,865] Trial 89 finished with value: -36.260330359674384 and parameters: {'short_symbol': '', 'threshold': 0.018, 'hold_bars': 120, 'long_scale': 5.9, 'short_scale': 10.0, 'take_profit_pct': 0.06}. Best is trial 57 with value: 23.374950624454016.
[I 2026-05-08 21:22:40,908] Trial 90 finished with value: 13.84129817016806 and parameters: {'short_symbol': 'ETHUSDT', 'threshold': 0.018, 'hold_bars': 120, 'long_scale': 6.0, 'short_scale': 10.0, 'take_profit_pct': 0.045}. Best is trial 57 with value: 23.374950624454016.
[I 2026-05-08 21:22:40,942] Trial 91 finished with value: 23.374136442134812 and parameters: {'short_symbol': 'ETHUSDT', 'threshold': 0.018, 'hold_bars': 120, 'long_scale': 5.8, 'short_scale': 10.0, 'take_profit_pct': 0.06}. Best is trial 57 with value: 23.374950624454016.
[I 2026-05-08 21:22:40,977] Trial 92 finished with value: 23.374950624454016 and parameters: {'short_symbol': 'ETHUSDT', 'threshold': 0.018, 'hold_bars': 120, 'long_scale': 5.9, 'short_scale': 10.0, 'take_profit_pct': 0.06}. Best is trial 57 with value: 23.374950624454016.
[I 2026-05-08 21:22:41,012] Trial 93 finished with value: 23.374950624454016 and parameters: {'short_symbol': 'ETHUSDT', 'threshold': 0.018, 'hold_bars': 120, 'long_scale': 5.9, 'short_scale': 10.0, 'take_profit_pct': 0.06}. Best is trial 57 with value: 23.374950624454016.
[I 2026-05-08 21:22:41,044] Trial 94 finished with value: 17.258868103892056 and parameters: {'short_symbol': 'ETHUSDT', 'threshold': 0.012, 'hold_bars': 120, 'long_scale': 6.0, 'short_scale': 10.0, 'take_profit_pct': 0.06}. Best is trial 57 with value: 23.374950624454016.
[I 2026-05-08 21:22:41,075] Trial 95 finished with value: 23.374950624454016 and parameters: {'short_symbol': 'ETHUSDT', 'threshold': 0.018, 'hold_bars': 120, 'long_scale': 5.9, 'short_scale': 10.0, 'take_profit_pct': 0.06}. Best is trial 57 with value: 23.374950624454016.
[I 2026-05-08 21:22:41,108] Trial 96 finished with value: 9.223503536148582 and parameters: {'short_symbol': 'ETHUSDT', 'threshold': 0.018, 'hold_bars': 120, 'long_scale': 5.9, 'short_scale': 10.0, 'take_profit_pct': 0.035}. Best is trial 57 with value: 23.374950624454016.
[I 2026-05-08 21:22:41,146] Trial 97 finished with value: 23.374950624454016 and parameters: {'short_symbol': 'ETHUSDT', 'threshold': 0.018, 'hold_bars': 120, 'long_scale': 5.9, 'short_scale': 10.0, 'take_profit_pct': 0.06}. Best is trial 57 with value: 23.374950624454016.
[I 2026-05-08 21:22:41,188] Trial 98 finished with value: 23.374950624454016 and parameters: {'short_symbol': 'ETHUSDT', 'threshold': 0.018, 'hold_bars': 120, 'long_scale': 5.9, 'short_scale': 10.0, 'take_profit_pct': 0.06}. Best is trial 57 with value: 23.374950624454016.
[I 2026-05-08 21:22:41,222] Trial 99 finished with value: 23.375740734552267 and parameters: {'short_symbol': 'ETHUSDT', 'threshold': 0.018, 'hold_bars': 120, 'long_scale': 6.0, 'short_scale': 10.0, 'take_profit_pct': 0.06}. Best is trial 99 with value: 23.375740734552267.
[I 2026-05-08 21:22:41,257] Trial 100 finished with value: 10.953906963326084 and parameters: {'short_symbol': 'ETHUSDT', 'threshold': 0.01, 'hold_bars': 168, 'long_scale': 6.0, 'short_scale': 10.0, 'take_profit_pct': 0.06}. Best is trial 99 with value: 23.375740734552267.
[I 2026-05-08 21:22:41,289] Trial 101 finished with value: 23.374950624454016 and parameters: {'short_symbol': 'ETHUSDT', 'threshold': 0.018, 'hold_bars': 120, 'long_scale': 5.9, 'short_scale': 10.0, 'take_profit_pct': 0.06}. Best is trial 99 with value: 23.375740734552267.
[I 2026-05-08 21:22:41,334] Trial 102 finished with value: 23.374950624454016 and parameters: {'short_symbol': 'ETHUSDT', 'threshold': 0.018, 'hold_bars': 120, 'long_scale': 5.9, 'short_scale': 10.0, 'take_profit_pct': 0.06}. Best is trial 99 with value: 23.375740734552267.
[I 2026-05-08 21:22:41,365] Trial 103 finished with value: 23.375740734552267 and parameters: {'short_symbol': 'ETHUSDT', 'threshold': 0.018, 'hold_bars': 120, 'long_scale': 6.0, 'short_scale': 10.0, 'take_profit_pct': 0.06}. Best is trial 99 with value: 23.375740734552267.
[I 2026-05-08 21:22:41,396] Trial 104 finished with value: 23.376507575262238 and parameters: {'short_symbol': 'ETHUSDT', 'threshold': 0.018, 'hold_bars': 120, 'long_scale': 6.1, 'short_scale': 10.0, 'take_profit_pct': 0.06}. Best is trial 104 with value: 23.376507575262238.
[I 2026-05-08 21:22:41,433] Trial 105 finished with value: 23.376507575262238 and parameters: {'short_symbol': 'ETHUSDT', 'threshold': 0.018, 'hold_bars': 120, 'long_scale': 6.1, 'short_scale': 10.0, 'take_profit_pct': 0.06}. Best is trial 104 with value: 23.376507575262238.
[I 2026-05-08 21:22:41,467] Trial 106 finished with value: -36.20084264672614 and parameters: {'short_symbol': '', 'threshold': 0.018, 'hold_bars': 120, 'long_scale': 6.1, 'short_scale': 8.0, 'take_profit_pct': 0.06}. Best is trial 104 with value: 23.376507575262238.
[I 2026-05-08 21:22:41,503] Trial 107 finished with value: 3.606661667315673 and parameters: {'short_symbol': 'ETHUSDT', 'threshold': 0.018, 'hold_bars': 96, 'long_scale': 6.1, 'short_scale': 10.0, 'take_profit_pct': 0.018}. Best is trial 104 with value: 23.376507575262238.
[I 2026-05-08 21:22:41,539] Trial 108 finished with value: 8.446506346243812 and parameters: {'short_symbol': 'ETHUSDT', 'threshold': 0.012, 'hold_bars': 144, 'long_scale': 6.2, 'short_scale': 10.0, 'take_profit_pct': 0.03}. Best is trial 104 with value: 23.376507575262238.
[I 2026-05-08 21:22:41,575] Trial 109 finished with value: 24.145421349131986 and parameters: {'short_symbol': 'ETHUSDT', 'threshold': 0.018, 'hold_bars': 120, 'long_scale': 6.0, 'short_scale': 12.0, 'take_profit_pct': 0.06}. Best is trial 109 with value: 24.145421349131986.
[I 2026-05-08 21:22:41,613] Trial 110 finished with value: 14.2247325029874 and parameters: {'short_symbol': 'ETHUSDT', 'threshold': 0.018, 'hold_bars': 120, 'long_scale': 6.0, 'short_scale': 12.0, 'take_profit_pct': 0.045}. Best is trial 109 with value: 24.145421349131986.
[I 2026-05-08 21:22:41,643] Trial 111 finished with value: 24.145421349131986 and parameters: {'short_symbol': 'ETHUSDT', 'threshold': 0.018, 'hold_bars': 120, 'long_scale': 6.0, 'short_scale': 12.0, 'take_profit_pct': 0.06}. Best is trial 109 with value: 24.145421349131986.
[I 2026-05-08 21:22:41,677] Trial 112 finished with value: 24.145421349131986 and parameters: {'short_symbol': 'ETHUSDT', 'threshold': 0.018, 'hold_bars': 120, 'long_scale': 6.0, 'short_scale': 12.0, 'take_profit_pct': 0.06}. Best is trial 109 with value: 24.145421349131986.
[I 2026-05-08 21:22:41,710] Trial 113 finished with value: 24.146575491017437 and parameters: {'short_symbol': 'ETHUSDT', 'threshold': 0.018, 'hold_bars': 120, 'long_scale': 6.1, 'short_scale': 12.0, 'take_profit_pct': 0.06}. Best is trial 113 with value: 24.146575491017437.
[I 2026-05-08 21:22:41,749] Trial 114 finished with value: 24.146575491017437 and parameters: {'short_symbol': 'ETHUSDT', 'threshold': 0.018, 'hold_bars': 120, 'long_scale': 6.1, 'short_scale': 12.0, 'take_profit_pct': 0.06}. Best is trial 113 with value: 24.146575491017437.
[I 2026-05-08 21:22:41,784] Trial 115 finished with value: 24.14770984444367 and parameters: {'short_symbol': 'ETHUSDT', 'threshold': 0.018, 'hold_bars': 120, 'long_scale': 6.2, 'short_scale': 12.0, 'take_profit_pct': 0.06}. Best is trial 115 with value: 24.14770984444367.
[I 2026-05-08 21:22:41,819] Trial 116 finished with value: 13.229643946649029 and parameters: {'short_symbol': 'ETHUSDT', 'threshold': 0.018, 'hold_bars': 120, 'long_scale': 6.2, 'short_scale': 12.0, 'take_profit_pct': 0.024}. Best is trial 115 with value: 24.14770984444367.
[I 2026-05-08 21:22:41,854] Trial 117 finished with value: 24.098022435399468 and parameters: {'short_symbol': 'ETHUSDT', 'threshold': 0.02, 'hold_bars': 120, 'long_scale': 6.3, 'short_scale': 12.0, 'take_profit_pct': 0.06}. Best is trial 115 with value: 24.14770984444367.
[I 2026-05-08 21:22:41,885] Trial 118 finished with value: 24.101372932375476 and parameters: {'short_symbol': 'ETHUSDT', 'threshold': 0.02, 'hold_bars': 120, 'long_scale': 6.4, 'short_scale': 12.0, 'take_profit_pct': 0.06}. Best is trial 115 with value: 24.14770984444367.
[I 2026-05-08 21:22:41,925] Trial 119 finished with value: 24.101372932375476 and parameters: {'short_symbol': 'ETHUSDT', 'threshold': 0.02, 'hold_bars': 120, 'long_scale': 6.4, 'short_scale': 12.0, 'take_profit_pct': 0.06}. Best is trial 115 with value: 24.14770984444367.
[I 2026-05-08 21:22:41,962] Trial 120 finished with value: 24.101372932375476 and parameters: {'short_symbol': 'ETHUSDT', 'threshold': 0.02, 'hold_bars': 120, 'long_scale': 6.4, 'short_scale': 12.0, 'take_profit_pct': 0.06}. Best is trial 115 with value: 24.14770984444367.
[I 2026-05-08 21:22:41,997] Trial 121 finished with value: 24.101372932375476 and parameters: {'short_symbol': 'ETHUSDT', 'threshold': 0.02, 'hold_bars': 120, 'long_scale': 6.4, 'short_scale': 12.0, 'take_profit_pct': 0.06}. Best is trial 115 with value: 24.14770984444367.
[I 2026-05-08 21:22:42,038] Trial 122 finished with value: 24.101372932375476 and parameters: {'short_symbol': 'ETHUSDT', 'threshold': 0.02, 'hold_bars': 120, 'long_scale': 6.4, 'short_scale': 12.0, 'take_profit_pct': 0.06}. Best is trial 115 with value: 24.14770984444367.
[I 2026-05-08 21:22:42,073] Trial 123 finished with value: 24.101372932375476 and parameters: {'short_symbol': 'ETHUSDT', 'threshold': 0.02, 'hold_bars': 120, 'long_scale': 6.4, 'short_scale': 12.0, 'take_profit_pct': 0.06}. Best is trial 115 with value: 24.14770984444367.
[I 2026-05-08 21:22:42,118] Trial 124 finished with value: 24.101372932375476 and parameters: {'short_symbol': 'ETHUSDT', 'threshold': 0.02, 'hold_bars': 120, 'long_scale': 6.4, 'short_scale': 12.0, 'take_profit_pct': 0.06}. Best is trial 115 with value: 24.14770984444367.
[I 2026-05-08 21:22:42,155] Trial 125 finished with value: 8.870983136456765 and parameters: {'short_symbol': 'ETHUSDT', 'threshold': 0.02, 'hold_bars': 120, 'long_scale': 6.4, 'short_scale': 12.0, 'take_profit_pct': 0.035}. Best is trial 115 with value: 24.14770984444367.
[I 2026-05-08 21:22:42,194] Trial 126 finished with value: 18.607522397948564 and parameters: {'short_symbol': '', 'threshold': 0.02, 'hold_bars': 120, 'long_scale': 6.4, 'short_scale': 12.0, 'take_profit_pct': 0.06}. Best is trial 115 with value: 24.14770984444367.
[I 2026-05-08 21:22:42,235] Trial 127 finished with value: 24.098022435399468 and parameters: {'short_symbol': 'ETHUSDT', 'threshold': 0.02, 'hold_bars': 120, 'long_scale': 6.3, 'short_scale': 12.0, 'take_profit_pct': 0.06}. Best is trial 115 with value: 24.14770984444367.
{"csv": "var/reports/profit_moonshot_20260501/current_tail_20260508/all_family_expansion/calendar_optuna_trials.csv", "json": "var/reports/profit_moonshot_20260501/current_tail_20260508/all_family_expansion/calendar_optuna_latest.json", "markdown": "var/reports/profit_moonshot_20260501/current_tail_20260508/all_family_expansion/calendar_optuna_latest.md", "peak_rss_mib": 242.7578125, "success_candidate_count": 8}
	Command being timed: "uv run --extra optimize python scripts/research/optuna_tune_profit_moonshot_calendar.py --output-dir var/reports/profit_moonshot_20260501/current_tail_20260508/all_family_expansion --oos-end-date 2026-05-08 --n-trials 128 --seed 44 --enqueue-known-good"
	User time (seconds): 17.68
	System time (seconds): 0.43
	Percent of CPU this job got: 106%
	Elapsed (wall clock) time (h:mm:ss or m:ss): 0:16.98
	Average shared text size (kbytes): 0
	Average unshared data size (kbytes): 0
	Average stack size (kbytes): 0
	Average total size (kbytes): 0
	Maximum resident set size (kbytes): 248584
	Average resident set size (kbytes): 0
	Major (requiring I/O) page faults: 6
	Minor (reclaiming a frame) page faults: 45599
	Voluntary context switches: 62
	Involuntary context switches: 84
	Swaps: 0
	File system inputs: 888
	File system outputs: 440
	Socket messages sent: 0
	Socket messages received: 0
	Signals delivered: 0
	Page size (bytes): 4096
	Exit status: 0
